[debug] [2025-05-26T11:21:47.766Z] ----------------------------------------------------------------------
[debug] [2025-05-26T11:21:47.769Z] Command:       /nix/store/rbdrkcs5kkwpalxcd7c6bnm33lk2955n-nodejs-20.19.0/bin/node /home/user/.global_modules/bin/firebase deploy
[debug] [2025-05-26T11:21:47.770Z] CLI Version:   14.4.0
[debug] [2025-05-26T11:21:47.770Z] Platform:      linux
[debug] [2025-05-26T11:21:47.770Z] Node Version:  v20.19.0
[debug] [2025-05-26T11:21:47.770Z] Time:          Mon May 26 2025 11:21:47 GMT+0000 (Coordinated Universal Time)
[debug] [2025-05-26T11:21:47.770Z] ----------------------------------------------------------------------
[debug] 
[debug] [2025-05-26T11:21:48.258Z] > command requires scopes: ["email","openid","https://www.googleapis.com/auth/cloudplatformprojects.readonly","https://www.googleapis.com/auth/firebase","https://www.googleapis.com/auth/cloud-platform"]
[debug] [2025-05-26T11:21:48.259Z] > authorizing via signed-in user (143xyz420@gmail.com)
[debug] [2025-05-26T11:21:48.259Z] [iam] checking project cashease-ki3p4 for permissions ["cloudfunctions.functions.create","cloudfunctions.functions.delete","cloudfunctions.functions.get","cloudfunctions.functions.list","cloudfunctions.functions.update","cloudfunctions.operations.get","datastore.indexes.create","datastore.indexes.delete","datastore.indexes.list","datastore.indexes.update","firebase.projects.get","firebasehosting.sites.update","firebaserules.releases.create","firebaserules.releases.update","firebaserules.rulesets.create"]
[debug] [2025-05-26T11:21:48.261Z] No OAuth tokens found
[debug] [2025-05-26T11:21:48.261Z] No OAuth tokens found
[debug] [2025-05-26T11:21:48.261Z] > command requires scopes: ["email","openid","https://www.googleapis.com/auth/cloudplatformprojects.readonly","https://www.googleapis.com/auth/firebase","https://www.googleapis.com/auth/cloud-platform"]
[debug] [2025-05-26T11:21:48.261Z] > authorizing via signed-in user (143xyz420@gmail.com)
[debug] [2025-05-26T11:21:48.263Z] >>> [apiv2][query] POST https://cloudresourcemanager.googleapis.com/v1/projects/cashease-ki3p4:testIamPermissions [none]
[debug] [2025-05-26T11:21:48.263Z] >>> [apiv2][(partial)header] POST https://cloudresourcemanager.googleapis.com/v1/projects/cashease-ki3p4:testIamPermissions x-goog-quota-user=projects/cashease-ki3p4
[debug] [2025-05-26T11:21:48.263Z] >>> [apiv2][body] POST https://cloudresourcemanager.googleapis.com/v1/projects/cashease-ki3p4:testIamPermissions {"permissions":["cloudfunctions.functions.create","cloudfunctions.functions.delete","cloudfunctions.functions.get","cloudfunctions.functions.list","cloudfunctions.functions.update","cloudfunctions.operations.get","datastore.indexes.create","datastore.indexes.delete","datastore.indexes.list","datastore.indexes.update","firebase.projects.get","firebasehosting.sites.update","firebaserules.releases.create","firebaserules.releases.update","firebaserules.rulesets.create"]}
[debug] [2025-05-26T11:21:49.098Z] <<< [apiv2][status] POST https://cloudresourcemanager.googleapis.com/v1/projects/cashease-ki3p4:testIamPermissions 200
[debug] [2025-05-26T11:21:49.098Z] <<< [apiv2][body] POST https://cloudresourcemanager.googleapis.com/v1/projects/cashease-ki3p4:testIamPermissions {"permissions":["cloudfunctions.functions.create","cloudfunctions.functions.delete","cloudfunctions.functions.get","cloudfunctions.functions.list","cloudfunctions.functions.update","cloudfunctions.operations.get","datastore.indexes.create","datastore.indexes.delete","datastore.indexes.list","datastore.indexes.update","firebase.projects.get","firebasehosting.sites.update","firebaserules.releases.create","firebaserules.releases.update","firebaserules.rulesets.create"]}
[debug] [2025-05-26T11:21:49.099Z] No OAuth tokens found
[debug] [2025-05-26T11:21:49.099Z] No OAuth tokens found
[debug] [2025-05-26T11:21:49.099Z] > command requires scopes: ["email","openid","https://www.googleapis.com/auth/cloudplatformprojects.readonly","https://www.googleapis.com/auth/firebase","https://www.googleapis.com/auth/cloud-platform"]
[debug] [2025-05-26T11:21:49.100Z] > authorizing via signed-in user (143xyz420@gmail.com)
[debug] [2025-05-26T11:21:49.100Z] >>> [apiv2][query] POST https://iam.googleapis.com/v1/projects/cashease-ki3p4/serviceAccounts/cashease-ki3p4@appspot.gserviceaccount.com:testIamPermissions [none]
[debug] [2025-05-26T11:21:49.100Z] >>> [apiv2][body] POST https://iam.googleapis.com/v1/projects/cashease-ki3p4/serviceAccounts/cashease-ki3p4@appspot.gserviceaccount.com:testIamPermissions {"permissions":["iam.serviceAccounts.actAs"]}
[debug] [2025-05-26T11:21:50.055Z] <<< [apiv2][status] POST https://iam.googleapis.com/v1/projects/cashease-ki3p4/serviceAccounts/cashease-ki3p4@appspot.gserviceaccount.com:testIamPermissions 200
[debug] [2025-05-26T11:21:50.055Z] <<< [apiv2][body] POST https://iam.googleapis.com/v1/projects/cashease-ki3p4/serviceAccounts/cashease-ki3p4@appspot.gserviceaccount.com:testIamPermissions {"permissions":["iam.serviceAccounts.actAs"]}
[debug] [2025-05-26T11:21:50.057Z] No OAuth tokens found
[debug] [2025-05-26T11:21:50.057Z] No OAuth tokens found
[debug] [2025-05-26T11:21:50.057Z] > command requires scopes: ["email","openid","https://www.googleapis.com/auth/cloudplatformprojects.readonly","https://www.googleapis.com/auth/firebase","https://www.googleapis.com/auth/cloud-platform"]
[debug] [2025-05-26T11:21:50.057Z] > authorizing via signed-in user (143xyz420@gmail.com)
[debug] [2025-05-26T11:21:50.058Z] >>> [apiv2][query] GET https://firebase.googleapis.com/v1beta1/projects/cashease-ki3p4 [none]
[debug] [2025-05-26T11:21:50.303Z] <<< [apiv2][status] GET https://firebase.googleapis.com/v1beta1/projects/cashease-ki3p4 200
[debug] [2025-05-26T11:21:50.303Z] <<< [apiv2][body] GET https://firebase.googleapis.com/v1beta1/projects/cashease-ki3p4 {"projectId":"cashease-ki3p4","projectNumber":"118639677717","displayName":"CashEase","name":"projects/cashease-ki3p4","resources":{"hostingSite":"cashease-ki3p4"},"state":"ACTIVE","etag":"1_39234e08-a19d-472d-a570-93025c827d0b"}
[debug] [2025-05-26T11:21:53.483Z] No OAuth tokens found
[debug] [2025-05-26T11:21:53.484Z] No OAuth tokens found
[debug] [2025-05-26T11:21:53.484Z] > command requires scopes: ["email","openid","https://www.googleapis.com/auth/cloudplatformprojects.readonly","https://www.googleapis.com/auth/firebase","https://www.googleapis.com/auth/cloud-platform"]
[debug] [2025-05-26T11:21:53.484Z] > authorizing via signed-in user (143xyz420@gmail.com)
[debug] [2025-05-26T11:21:53.485Z] >>> [apiv2][query] GET https://firebasehosting.googleapis.com/v1beta1/projects/cashease-ki3p4/sites pageToken=&pageSize=10
[debug] [2025-05-26T11:21:53.855Z] <<< [apiv2][status] GET https://firebasehosting.googleapis.com/v1beta1/projects/cashease-ki3p4/sites 200
[debug] [2025-05-26T11:21:53.855Z] <<< [apiv2][body] GET https://firebasehosting.googleapis.com/v1beta1/projects/cashease-ki3p4/sites {"sites":[{"name":"projects/cashease-ki3p4/sites/cashease-ki3p4","defaultUrl":"https://cashease-ki3p4.web.app","type":"DEFAULT_SITE"}]}
[debug] [2025-05-26T11:21:53.857Z] No OAuth tokens found
[debug] [2025-05-26T11:21:53.857Z] No OAuth tokens found
[debug] [2025-05-26T11:21:53.857Z] > command requires scopes: ["email","openid","https://www.googleapis.com/auth/cloudplatformprojects.readonly","https://www.googleapis.com/auth/firebase","https://www.googleapis.com/auth/cloud-platform"]
[debug] [2025-05-26T11:21:53.857Z] > authorizing via signed-in user (143xyz420@gmail.com)
[debug] [2025-05-26T11:21:53.858Z] >>> [apiv2][query] GET https://firebasehosting.googleapis.com/v1beta1/projects/cashease-ki3p4/sites 
[debug] [2025-05-26T11:21:54.280Z] <<< [apiv2][status] GET https://firebasehosting.googleapis.com/v1beta1/projects/cashease-ki3p4/sites 200
[debug] [2025-05-26T11:21:54.280Z] <<< [apiv2][body] GET https://firebasehosting.googleapis.com/v1beta1/projects/cashease-ki3p4/sites {"sites":[{"name":"projects/cashease-ki3p4/sites/cashease-ki3p4","defaultUrl":"https://cashease-ki3p4.web.app","type":"DEFAULT_SITE"}]}
[debug] [2025-05-26T11:21:54.281Z] No OAuth tokens found
[debug] [2025-05-26T11:21:54.281Z] No OAuth tokens found
[debug] [2025-05-26T11:21:54.281Z] > command requires scopes: ["email","openid","https://www.googleapis.com/auth/cloudplatformprojects.readonly","https://www.googleapis.com/auth/firebase","https://www.googleapis.com/auth/cloud-platform"]
[debug] [2025-05-26T11:21:54.282Z] > authorizing via signed-in user (143xyz420@gmail.com)
[debug] [2025-05-26T11:21:54.282Z] >>> [apiv2][query] GET https://firebase.googleapis.com/v1beta1/projects/cashease-ki3p4/webApps/-/config [none]
[debug] [2025-05-26T11:21:54.699Z] <<< [apiv2][status] GET https://firebase.googleapis.com/v1beta1/projects/cashease-ki3p4/webApps/-/config 200
[debug] [2025-05-26T11:21:54.699Z] <<< [apiv2][body] GET https://firebase.googleapis.com/v1beta1/projects/cashease-ki3p4/webApps/-/config {"projectId":"cashease-ki3p4","storageBucket":"cashease-ki3p4.firebasestorage.app","apiKey":"AIzaSyCcHBLRaRQ0UW4zwBXx_V6bZHmrkL0hEhE","authDomain":"cashease-ki3p4.firebaseapp.com","messagingSenderId":"118639677717"}
[info] 
   Thank you for trying our early preview of Next.js support on Firebase Hosting.
   During the preview, support is best-effort and breaking changes can be expected. Proceed with caution.

   Documentation: https://firebase.google.com/docs/hosting/frameworks/nextjs
   File a bug: https://github.com/firebase/firebase-tools/issues/new?template=bug_report.md
   Submit a feature request: https://github.com/firebase/firebase-tools/issues/new?template=feature_request.md

   We'd love to learn from you. Express your interest in helping us shape the future of Firebase Hosting: https://goo.gle/41enW5X

[debug] [2025-05-26T11:22:01.985Z] No OAuth tokens found
[debug] [2025-05-26T11:22:01.986Z] No OAuth tokens found
[debug] [2025-05-26T11:22:01.986Z] > command requires scopes: ["email","openid","https://www.googleapis.com/auth/cloudplatformprojects.readonly","https://www.googleapis.com/auth/firebase","https://www.googleapis.com/auth/cloud-platform"]
[debug] [2025-05-26T11:22:01.987Z] > authorizing via signed-in user (143xyz420@gmail.com)
[debug] [2025-05-26T11:22:01.987Z] >>> [apiv2][query] GET https://firebasehosting.googleapis.com/v1beta1/projects/cashease-ki3p4/sites/cashease-ki3p4 [none]
[debug] [2025-05-26T11:22:02.274Z] <<< [apiv2][status] GET https://firebasehosting.googleapis.com/v1beta1/projects/cashease-ki3p4/sites/cashease-ki3p4 200
[debug] [2025-05-26T11:22:02.274Z] <<< [apiv2][body] GET https://firebasehosting.googleapis.com/v1beta1/projects/cashease-ki3p4/sites/cashease-ki3p4 {"name":"projects/cashease-ki3p4/sites/cashease-ki3p4","defaultUrl":"https://cashease-ki3p4.web.app","type":"DEFAULT_SITE"}
[info]   ▲ Next.js 14.2.5

[info]   - Environments: .env.local


[info]    Creating an optimized production build ...

[info]  ✓ Compiled successfully

[info]    Linting and checking validity of types ...

[info] Failed to compile.

./src/app/admin/coupons/new/page.tsx:222:29
Type error: Type 'Date | null | undefined' is not assignable to type 'Matcher | Matcher[] | undefined'.
  Type 'null' is not assignable to type 'Matcher | Matcher[] | undefined'.

  220 |                         <Calendar 
  221 |                             mode="single" 
> 222 |                             selected={field.value ? safeToDate(field.value) : undefined} 
      |                             ^
  223 |                             onSelect={(date) => field.onChange(date || null)} 
  224 |                             initialFocus 
  225 |                             disabled={(date) => date < new Date(new Date().setHours(0,0,0,0))}

[debug] [2025-05-26T11:23:02.054Z] Error: ENOENT: no such file or directory, open '/home/user/studio/.next/export-marker.json'
[error] 
[error] Error: An unexpected error has occurred.
